<?xml version="1.0" encoding="UTF-8"?>
<testng-results ignored="0" total="1" passed="1" failed="0" skipped="0">
  <reporter-output>
  </reporter-output>
  <suite started-at="2024-06-05T15:45:21 BDT" name="QA_Brains" finished-at="2024-06-05T15:47:51 BDT" duration-ms="150584">
    <groups>
    </groups>
    <test started-at="2024-06-05T15:45:21 BDT" name="Test" finished-at="2024-06-05T15:47:51 BDT" duration-ms="150584">
      <class name="qa.testcases.MobileViewRatio">
        <test-method is-config="true" signature="setup()[pri:0, instance:qa.testcases.MobileViewRatio@179ece50]" started-at="2024-06-05T15:45:21 BDT" name="setup" finished-at="2024-06-05T15:45:26 BDT" duration-ms="5156" status="PASS">
          <reporter-output>
          </reporter-output>
        </test-method> <!-- setup -->
        <test-method signature="testMobileViewRatios()[pri:0, instance:qa.testcases.MobileViewRatio@179ece50]" started-at="2024-06-05T15:45:26 BDT" name="testMobileViewRatios" finished-at="2024-06-05T15:47:51 BDT" duration-ms="144927" status="PASS">
          <reporter-output>
          </reporter-output>
        </test-method> <!-- testMobileViewRatios -->
        <test-method is-config="true" signature="captureFailedTestScreenshot(org.testng.ITestResult)[pri:0, instance:qa.testcases.MobileViewRatio@179ece50]" started-at="2024-06-05T15:47:51 BDT" name="captureFailedTestScreenshot" finished-at="2024-06-05T15:47:51 BDT" duration-ms="0" status="PASS">
          <params>
            <param index="0">
              <value>
                <![CDATA[[TestResult name=testMobileViewRatios status=SUCCESS method=MobileViewRatio.testMobileViewRatios()[pri:0, instance:qa.testcases.MobileViewRatio@179ece50] output={null}]]]>
              </value>
            </param>
          </params>
          <reporter-output>
          </reporter-output>
        </test-method> <!-- captureFailedTestScreenshot -->
        <test-method is-config="true" signature="tearDown()[pri:0, instance:qa.testcases.MobileViewRatio@179ece50]" started-at="2024-06-05T15:47:51 BDT" name="tearDown" finished-at="2024-06-05T15:47:51 BDT" duration-ms="172" status="PASS">
          <reporter-output>
          </reporter-output>
        </test-method> <!-- tearDown -->
      </class> <!-- qa.testcases.MobileViewRatio -->
    </test> <!-- Test -->
  </suite> <!-- QA_Brains -->
</testng-results>
